<?xml version="1.0" encoding="UTF-8"?>
<!-- Generated by org.testng.reporters.JUnitReportReporter -->
<testsuite hostname="LAPTOP-IAKU8825" failures="0" tests="1" name="tsetpackage.LogInTestCase" time="10.885" errors="0" timestamp="2023-09-13T13:54:53 IST" skipped="0">
  <testcase classname="tsetpackage.LogInTestCase" name="browserBackOp" time="10.885"/>
  <system-out/>
</testsuite> <!-- tsetpackage.LogInTestCase -->
