<?xml version="1.0" encoding="UTF-8"?>
<!-- Generated by org.testng.reporters.JUnitReportReporter -->
<testsuite hostname="LAPTOP-IAKU8825" failures="0" tests="1" name="tsetpackage.LogInTestCase" time="8.493" errors="0" timestamp="2023-09-13T13:13:30 IST" skipped="0">
  <testcase classname="tsetpackage.LogInTestCase" name="loginUsingInvalidCred" time="8.493"/>
  <system-out/>
</testsuite> <!-- tsetpackage.LogInTestCase -->
